<?xml version="1.0" encoding="UTF-8"?>
<!-- Generated by org.testng.reporters.JUnitXMLReporter -->
<testsuite hostname="Nikil" name="TestC" tests="4" failures="0" timestamp="22 Jan 2018 16:19:55 GMT" time="0.082" errors="0">
  <testcase name="TestC" time="0.011" classname="com.android.testcases.TestC"/>
  <testcase name="TestC" time="0.002" classname="com.android.testcases.TestC">
    <skipped/>
  </testcase> <!-- TestC -->
  <testcase name="TestC" time="0.012" classname="com.android.testcases.TestC"/>
  <testcase name="TestC" time="0.003" classname="com.android.testcases.TestC">
    <skipped/>
  </testcase> <!-- TestC -->
</testsuite> <!-- TestC -->
