<?xml version="1.0" encoding="UTF-8"?>
<!-- Generated by org.testng.reporters.JUnitXMLReporter -->
<testsuite hostname="Nikil" name="TestA" tests="3" failures="0" timestamp="22 Jan 2018 16:19:55 GMT" time="0.085" errors="0">
  <testcase name="@AfterMethod afterMethod" time="0.0" classname="com.android.testcases.TestA">
    <failure type="java.lang.NullPointerException">
      <![CDATA[java.lang.NullPointerException
	at com.relevantcodes.extentreports.ExtentReports.endTest(ExtentReports.java:618)
	at com.android.testcases.TestA.afterMethod(TestA.java:52)
	at java.util.concurrent.FutureTask.run(FutureTask.java:266)
	at java.util.concurrent.ThreadPoolExecutor.runWorker(ThreadPoolExecutor.java:1142)
	at java.util.concurrent.ThreadPoolExecutor$Worker.run(ThreadPoolExecutor.java:617)
	at java.lang.Thread.run(Thread.java:748)
... Removed 18 stack frames]]>
    </failure>
  </testcase> <!-- @AfterMethod afterMethod -->
  <testcase name="@AfterMethod afterMethod" time="0.0" classname="com.android.testcases.TestA">
    <skipped/>
  </testcase> <!-- @AfterMethod afterMethod -->
  <testcase name="TestA1" time="0.0" classname="com.android.testcases.TestA">
    <skipped/>
  </testcase> <!-- TestA1 -->
  <testcase name="TestA2" time="0.015" classname="com.android.testcases.TestA"/>
  <testcase name="TestA3" time="0.001" classname="com.android.testcases.TestA">
    <skipped/>
  </testcase> <!-- TestA3 -->
</testsuite> <!-- TestA -->
